<?xml version="1.0" encoding="UTF-8"?>
<!-- Generated by org.testng.reporters.JUnitReportReporter -->
<testsuite name="org.test7777.Sampletom" tests="1" time="35.501" ignored="4" failures="0" timestamp="23 Jun 2021 18:21:02 GMT" skipped="0" hostname="castrino" errors="0">
  <testcase name="checkboxes" time="35.501" classname="org.test7777.Sampletom"/>
  <testcase name="inteltest" classname="org.test7777.Sampletom">
    <skipped/>
  </testcase> <!-- inteltest -->
  <testcase name="intelradio" classname="org.test7777.Sampletom">
    <skipped/>
  </testcase> <!-- intelradio -->
  <testcase name="intell" classname="org.test7777.Sampletom">
    <skipped/>
  </testcase> <!-- intell -->
  <testcase name="login" classname="org.test7777.Sampletom">
    <skipped/>
  </testcase> <!-- login -->
</testsuite> <!-- org.test7777.Sampletom -->
