<?xml version="1.0" encoding="UTF-8"?>
<!-- Generated by org.testng.reporters.JUnitReportReporter -->
<testsuite name="org.test7777.Sampletam" tests="1" time="9.811" ignored="0" failures="0" timestamp="23 Aug 2021 02:14:00 GMT" skipped="0" hostname="castrino" errors="0">
  <testcase name="regdrop" time="9.811" classname="org.test7777.Sampletam"/>
</testsuite> <!-- org.test7777.Sampletam -->
